nohup: ignoring input

────────────────────────────────────────────────────────────
  Sessions  : 182
  Languages : marathi
  Workers   : 8  (parallel sessions)
  Jobs      : 182  |  Already done: 6  |  Left: 176
────────────────────────────────────────────────────────────

Translating:   0%|          | 0/176 [00:00<?, ?file/s]  [WARN] translator failed: 'Translator' object has no attribute 'raise_Exception'. Falling back to HTTP API.
  [WARN] translator failed: 'Translator' object has no attribute 'raise_Exception'. Falling back to HTTP API.
  [WARN] translator failed: 'Translator' object has no attribute 'raise_Exception'. Falling back to HTTP API.
  [WARN] translator failed: 'Translator' object has no attribute 'raise_Exception'. Falling back to HTTP API.
  [WARN] translator failed: 'Translator' object has no attribute 'raise_Exception'. Falling back to HTTP API.
  [WARN] translator failed: 'Translator' object has no attribute 'raise_Exception'. Falling back to HTTP API.
  [WARN] translator failed: 'Translator' object has no attribute 'raise_Exception'. Falling back to HTTP API.
  [WARN] translator failed: 'Translator' object has no attribute 'raise_Exception'. Falling back to HTTP API.
  [WARN] translator failed: 'Translator' object has no attribute 'raise_Exception'. Falling back to HTTP API.
  [WARN] translator failed: 'Translator' object has no attribute 'raise_Exception'. Falling back to HTTP API.
  [WARN] translator failed: 'Translator' object has no attribute 'raise_Exception'. Falling back to HTTP API.
  [WARN] translator failed: 'Translator' object has no attribute 'raise_Exception'. Falling back to HTTP API.
  [WARN] translator failed: 'Translator' object has no attribute 'raise_Exception'. Falling back to HTTP API.
  [WARN] translator failed: 'Translator' object has no attribute 'raise_Exception'. Falling back to HTTP API.
  [WARN] translator failed: 'Translator' object has no attribute 'raise_Exception'. Falling back to HTTP API.
  [WARN] translator failed: 'Translator' object has no attribute 'raise_Exception'. Falling back to HTTP API.
  [WARN] translator failed: 'Translator' object has no attribute 'raise_Exception'. Falling back to HTTP API.
  [WARN] translator failed: 'Translator' object has no attribute 'raise_Exception'. Falling back to HTTP API.
  [WARN] translator failed: 'Translator' object has no attribute 'raise_Exception'. Falling back to HTTP API.
  [WARN] translator failed: 'Translator' object has no attribute 'raise_Exception'. Falling back to HTTP API.
  [WARN] translator failed: 'Translator' object has no attribute 'raise_Exception'. Falling back to HTTP API.
  [WARN] translator failed: 'Translator' object has no attribute 'raise_Exception'. Falling back to HTTP API.
  [WARN] translator failed: 'Translator' object has no attribute 'raise_Exception'. Falling back to HTTP API.
  [WARN] translator failed: 'Translator' object has no attribute 'raise_Exception'. Falling back to HTTP API.
  [WARN] translator failed: 'Translator' object has no attribute 'raise_Exception'. Falling back to HTTP API.
  [WARN] translator failed: 'Translator' object has no attribute 'raise_Exception'. Falling back to HTTP API.
  [WARN] translator failed: 'Translator' object has no attribute 'raise_Exception'. Falling back to HTTP API.
  [WARN] translator failed: 'Translator' object has no attribute 'raise_Exception'. Falling back to HTTP API.
  [WARN] translator failed: 'Translator' object has no attribute 'raise_Exception'. Falling back to HTTP API.
  [WARN] translator failed: 'Translator' object has no attribute 'raise_Exception'. Falling back to HTTP API.
  [WARN] translator failed: 'Translator' object has no attribute 'raise_Exception'. Falling back to HTTP API.
  [WARN] translator failed: 'Translator' object has no attribute 'raise_Exception'. Falling back to HTTP API.
  [WARN] translator failed: 'Translator' object has no attribute 'raise_Exception'. Falling back to HTTP API.
  [WARN] translator failed: 'Translator' object has no attribute 'raise_Exception'. Falling back to HTTP API.
  [WARN] translator failed: 'Translator' object has no attribute 'raise_Exception'. Falling back to HTTP API.
  [WARN] translator failed: 'Translator' object has no attribute 'raise_Exception'. Falling back to HTTP API.
  [WARN] translator failed: 'Translator' object has no attribute 'raise_Exception'. Falling back to HTTP API.
  [WARN] translator failed: 'Translator' object has no attribute 'raise_Exception'. Falling back to HTTP API.
  [WARN] translator failed: 'Translator' object has no attribute 'raise_Exception'. Falling back to HTTP API.
  [WARN] translator failed: 'Translator' object has no attribute 'raise_Exception'. Falling back to HTTP API.
  [WARN] translator failed: 'Translator' object has no attribute 'raise_Exception'. Falling back to HTTP API.
  [WARN] translator failed: 'Translator' object has no attribute 'raise_Exception'. Falling back to HTTP API.
  [WARN] translator failed: 'Translator' object has no attribute 'raise_Exception'. Falling back to HTTP API.
  [WARN] translator failed: 'Translator' object has no attribute 'raise_Exception'. Falling back to HTTP API.
  [WARN] translator failed: 'Translator' object has no attribute 'raise_Exception'. Falling back to HTTP API.
  [WARN] translator failed: 'Translator' object has no attribute 'raise_Exception'. Falling back to HTTP API.
  [WARN] translator failed: 'Translator' object has no attribute 'raise_Exception'. Falling back to HTTP API.
  [WARN] translator failed: 'Translator' object has no attribute 'raise_Exception'. Falling back to HTTP API.
  [WARN] translator failed: 'Translator' object has no attribute 'raise_Exception'. Falling back to HTTP API.
  [WARN] translator failed: 'Translator' object has no attribute 'raise_Exception'. Falling back to HTTP API.
  [WARN] translator failed: 'Translator' object has no attribute 'raise_Exception'. Falling back to HTTP API.
  [WARN] translator failed: 'Translator' object has no attribute 'raise_Exception'. Falling back to HTTP API.
  [WARN] translator failed: 'Translator' object has no attribute 'raise_Exception'. Falling back to HTTP API.
  [WARN] translator failed: 'Translator' object has no attribute 'raise_Exception'. Falling back to HTTP API.
  [WARN] translator failed: 'Translator' object has no attribute 'raise_Exception'. Falling back to HTTP API.
  [WARN] translator failed: 'Translator' object has no attribute 'raise_Exception'. Falling back to HTTP API.
  [WARN] translator failed: 'Translator' object has no attribute 'raise_Exception'. Falling back to HTTP API.
  [WARN] translator failed: 'Translator' object has no attribute 'raise_Exception'. Falling back to HTTP API.
  [WARN] translator failed: 'Translator' object has no attribute 'raise_Exception'. Falling back to HTTP API.
  [WARN] translator failed: 'Translator' object has no attribute 'raise_Exception'. Falling back to HTTP API.
  [WARN] translator failed: 'Translator' object has no attribute 'raise_Exception'. Falling back to HTTP API.
  [WARN] translator failed: 'Translator' object has no attribute 'raise_Exception'. Falling back to HTTP API.
  [WARN] translator failed: 'Translator' object has no attribute 'raise_Exception'. Falling back to HTTP API.
  [WARN] translator failed: 'Translator' object has no attribute 'raise_Exception'. Falling back to HTTP API.
  [WARN] translator failed: 'Translator' object has no attribute 'raise_Exception'. Falling back to HTTP API.
  [WARN] translator failed: 'Translator' object has no attribute 'raise_Exception'. Falling back to HTTP API.
  [WARN] translator failed: 'Translator' object has no attribute 'raise_Exception'. Falling back to HTTP API.
  [WARN] translator failed: 'Translator' object has no attribute 'raise_Exception'. Falling back to HTTP API.
  [WARN] translator failed: 'Translator' object has no attribute 'raise_Exception'. Falling back to HTTP API.
  [WARN] translator failed: 'Translator' object has no attribute 'raise_Exception'. Falling back to HTTP API.
  [WARN] translator failed: 'Translator' object has no attribute 'raise_Exception'. Falling back to HTTP API.
  [WARN] translator failed: 'Translator' object has no attribute 'raise_Exception'. Falling back to HTTP API.
  [WARN] translator failed: 'Translator' object has no attribute 'raise_Exception'. Falling back to HTTP API.
  [WARN] translator failed: 'Translator' object has no attribute 'raise_Exception'. Falling back to HTTP API.
  [WARN] translator failed: 'Translator' object has no attribute 'raise_Exception'. Falling back to HTTP API.
  [WARN] translator failed: 'Translator' object has no attribute 'raise_Exception'. Falling back to HTTP API.
  [WARN] translator failed: 'Translator' object has no attribute 'raise_Exception'. Falling back to HTTP API.
  [WARN] translator failed: 'Translator' object has no attribute 'raise_Exception'. Falling back to HTTP API.
  [WARN] translator failed: 'Translator' object has no attribute 'raise_Exception'. Falling back to HTTP API.
  [WARN] translator failed: 'Translator' object has no attribute 'raise_Exception'. Falling back to HTTP API.
  [WARN] translator failed: 'Translator' object has no attribute 'raise_Exception'. Falling back to HTTP API.
  [WARN] translator failed: 'Translator' object has no attribute 'raise_Exception'. Falling back to HTTP API.
  [WARN] translator failed: 'Translator' object has no attribute 'raise_Exception'. Falling back to HTTP API.
  [WARN] translator failed: 'Translator' object has no attribute 'raise_Exception'. Falling back to HTTP API.
  [WARN] translator failed: 'Translator' object has no attribute 'raise_Exception'. Falling back to HTTP API.
  [WARN] translator failed: 'Translator' object has no attribute 'raise_Exception'. Falling back to HTTP API.
  [WARN] translator failed: 'Translator' object has no attribute 'raise_Exception'. Falling back to HTTP API.
  [WARN] translator failed: 'Translator' object has no attribute 'raise_Exception'. Falling back to HTTP API.
  [WARN] translator failed: 'Translator' object has no attribute 'raise_Exception'. Falling back to HTTP API.
  [WARN] translator failed: 'Translator' object has no attribute 'raise_Exception'. Falling back to HTTP API.
  [WARN] translator failed: 'Translator' object has no attribute 'raise_Exception'. Falling back to HTTP API.
  [WARN] translator failed: 'Translator' object has no attribute 'raise_Exception'. Falling back to HTTP API.
  [WARN] translator failed: 'Translator' object has no attribute 'raise_Exception'. Falling back to HTTP API.
  [WARN] translator failed: 'Translator' object has no attribute 'raise_Exception'. Falling back to HTTP API.
  [WARN] translator failed: 'Translator' object has no attribute 'raise_Exception'. Falling back to HTTP API.
  [WARN] translator failed: 'Translator' object has no attribute 'raise_Exception'. Falling back to HTTP API.
  [WARN] translator failed: 'Translator' object has no attribute 'raise_Exception'. Falling back to HTTP API.
  [WARN] translator failed: 'Translator' object has no attribute 'raise_Exception'. Falling back to HTTP API.
  [WARN] translator failed: 'Translator' object has no attribute 'raise_Exception'. Falling back to HTTP API.
  [WARN] translator failed: 'Translator' object has no attribute 'raise_Exception'. Falling back to HTTP API.
  [WARN] translator failed: 'Translator' object has no attribute 'raise_Exception'. Falling back to HTTP API.
  [WARN] translator failed: 'Translator' object has no attribute 'raise_Exception'. Falling back to HTTP API.
  [WARN] translator failed: 'Translator' object has no attribute 'raise_Exception'. Falling back to HTTP API.
  [WARN] translator failed: 'Translator' object has no attribute 'raise_Exception'. Falling back to HTTP API.
  [WARN] translator failed: 'Translator' object has no attribute 'raise_Exception'. Falling back to HTTP API.
  [WARN] translator failed: 'Translator' object has no attribute 'raise_Exception'. Falling back to HTTP API.
  [WARN] translator failed: 'Translator' object has no attribute 'raise_Exception'. Falling back to HTTP API.
  [WARN] translator failed: 'Translator' object has no attribute 'raise_Exception'. Falling back to HTTP API.
  [WARN] translator failed: 'Translator' object has no attribute 'raise_Exception'. Falling back to HTTP API.
  [WARN] translator failed: 'Translator' object has no attribute 'raise_Exception'. Falling back to HTTP API.
  [WARN] translator failed: 'Translator' object has no attribute 'raise_Exception'. Falling back to HTTP API.
  [WARN] translator failed: 'Translator' object has no attribute 'raise_Exception'. Falling back to HTTP API.
  [WARN] translator failed: 'Translator' object has no attribute 'raise_Exception'. Falling back to HTTP API.
  [WARN] translator failed: 'Translator' object has no attribute 'raise_Exception'. Falling back to HTTP API.
  [WARN] translator failed: 'Translator' object has no attribute 'raise_Exception'. Falling back to HTTP API.
  [WARN] translator failed: 'Translator' object has no attribute 'raise_Exception'. Falling back to HTTP API.
  [WARN] translator failed: 'Translator' object has no attribute 'raise_Exception'. Falling back to HTTP API.
  [WARN] translator failed: 'Translator' object has no attribute 'raise_Exception'. Falling back to HTTP API.
  [WARN] translator failed: 'Translator' object has no attribute 'raise_Exception'. Falling back to HTTP API.
  [WARN] translator failed: 'Translator' object has no attribute 'raise_Exception'. Falling back to HTTP API.
  [WARN] translator failed: 'Translator' object has no attribute 'raise_Exception'. Falling back to HTTP API.
  [WARN] translator failed: 'Translator' object has no attribute 'raise_Exception'. Falling back to HTTP API.
  [WARN] translator failed: 'Translator' object has no attribute 'raise_Exception'. Falling back to HTTP API.
  [WARN] translator failed: 'Translator' object has no attribute 'raise_Exception'. Falling back to HTTP API.
  [WARN] translator failed: 'Translator' object has no attribute 'raise_Exception'. Falling back to HTTP API.
  [WARN] translator failed: 'Translator' object has no attribute 'raise_Exception'. Falling back to HTTP API.
  [WARN] translator failed: 'Translator' object has no attribute 'raise_Exception'. Falling back to HTTP API.
  [WARN] translator failed: 'Translator' object has no attribute 'raise_Exception'. Falling back to HTTP API.
  [WARN] translator failed: 'Translator' object has no attribute 'raise_Exception'. Falling back to HTTP API.
  [WARN] translator failed: 'Translator' object has no attribute 'raise_Exception'. Falling back to HTTP API.
  [WARN] translator failed: 'Translator' object has no attribute 'raise_Exception'. Falling back to HTTP API.
  [WARN] translator failed: 'Translator' object has no attribute 'raise_Exception'. Falling back to HTTP API.
  [WARN] translator failed: 'Translator' object has no attribute 'raise_Exception'. Falling back to HTTP API.
  [WARN] translator failed: 'Translator' object has no attribute 'raise_Exception'. Falling back to HTTP API.
  [WARN] translator failed: 'Translator' object has no attribute 'raise_Exception'. Falling back to HTTP API.
  [WARN] translator failed: 'Translator' object has no attribute 'raise_Exception'. Falling back to HTTP API.
  [WARN] translator failed: 'Translator' object has no attribute 'raise_Exception'. Falling back to HTTP API.
  [WARN] translator failed: 'Translator' object has no attribute 'raise_Exception'. Falling back to HTTP API.
  [WARN] translator failed: 'Translator' object has no attribute 'raise_Exception'. Falling back to HTTP API.  [WARN] translator failed: 'Translator' object has no attribute 'raise_Exception'. Falling back to HTTP API.

  [WARN] translator failed: 'Translator' object has no attribute 'raise_Exception'. Falling back to HTTP API.
  [WARN] translator failed: 'Translator' object has no attribute 'raise_Exception'. Falling back to HTTP API.
  [WARN] translator failed: 'Translator' object has no attribute 'raise_Exception'. Falling back to HTTP API.
  [WARN] translator failed: 'Translator' object has no attribute 'raise_Exception'. Falling back to HTTP API.
  [WARN] translator failed: 'Translator' object has no attribute 'raise_Exception'. Falling back to HTTP API.
  [WARN] translator failed: 'Translator' object has no attribute 'raise_Exception'. Falling back to HTTP API.
  [WARN] translator failed: 'Translator' object has no attribute 'raise_Exception'. Falling back to HTTP API.
  [WARN] translator failed: 'Translator' object has no attribute 'raise_Exception'. Falling back to HTTP API.
  [WARN] translator failed: 'Translator' object has no attribute 'raise_Exception'. Falling back to HTTP API.
  [WARN] translator failed: 'Translator' object has no attribute 'raise_Exception'. Falling back to HTTP API.
  [WARN] translator failed: 'Translator' object has no attribute 'raise_Exception'. Falling back to HTTP API.
  [WARN] translator failed: 'Translator' object has no attribute 'raise_Exception'. Falling back to HTTP API.
  [WARN] translator failed: 'Translator' object has no attribute 'raise_Exception'. Falling back to HTTP API.
  [WARN] translator failed: 'Translator' object has no attribute 'raise_Exception'. Falling back to HTTP API.
  [WARN] translator failed: 'Translator' object has no attribute 'raise_Exception'. Falling back to HTTP API.
  [WARN] translator failed: 'Translator' object has no attribute 'raise_Exception'. Falling back to HTTP API.
  [WARN] translator failed: 'Translator' object has no attribute 'raise_Exception'. Falling back to HTTP API.
  [WARN] translator failed: 'Translator' object has no attribute 'raise_Exception'. Falling back to HTTP API.
  [WARN] translator failed: 'Translator' object has no attribute 'raise_Exception'. Falling back to HTTP API.
  [WARN] translator failed: 'Translator' object has no attribute 'raise_Exception'. Falling back to HTTP API.
  [WARN] translator failed: 'Translator' object has no attribute 'raise_Exception'. Falling back to HTTP API.
  [WARN] translator failed: 'Translator' object has no attribute 'raise_Exception'. Falling back to HTTP API.
  [WARN] translator failed: 'Translator' object has no attribute 'raise_Exception'. Falling back to HTTP API.
  [WARN] translator failed: 'Translator' object has no attribute 'raise_Exception'. Falling back to HTTP API.
  [WARN] translator failed: 'Translator' object has no attribute 'raise_Exception'. Falling back to HTTP API.
  [WARN] translator failed: 'Translator' object has no attribute 'raise_Exception'. Falling back to HTTP API.
  [WARN] translator failed: 'Translator' object has no attribute 'raise_Exception'. Falling back to HTTP API.
  [WARN] translator failed: 'Translator' object has no attribute 'raise_Exception'. Falling back to HTTP API.
  [WARN] translator failed: 'Translator' object has no attribute 'raise_Exception'. Falling back to HTTP API.
  [WARN] translator failed: 'Translator' object has no attribute 'raise_Exception'. Falling back to HTTP API.
  [WARN] translator failed: 'Translator' object has no attribute 'raise_Exception'. Falling back to HTTP API.
  [WARN] translator failed: 'Translator' object has no attribute 'raise_Exception'. Falling back to HTTP API.
  [WARN] translator failed: 'Translator' object has no attribute 'raise_Exception'. Falling back to HTTP API.
  [WARN] translator failed: 'Translator' object has no attribute 'raise_Exception'. Falling back to HTTP API.
  [WARN] translator failed: 'Translator' object has no attribute 'raise_Exception'. Falling back to HTTP API.
  [WARN] translator failed: 'Translator' object has no attribute 'raise_Exception'. Falling back to HTTP API.
  [WARN] translator failed: 'Translator' object has no attribute 'raise_Exception'. Falling back to HTTP API.
  [WARN] translator failed: 'Translator' object has no attribute 'raise_Exception'. Falling back to HTTP API.
  [WARN] translator failed: 'Translator' object has no attribute 'raise_Exception'. Falling back to HTTP API.
  [WARN] translator failed: 'Translator' object has no attribute 'raise_Exception'. Falling back to HTTP API.
  [WARN] translator failed: 'Translator' object has no attribute 'raise_Exception'. Falling back to HTTP API.
  [WARN] translator failed: 'Translator' object has no attribute 'raise_Exception'. Falling back to HTTP API.
  [WARN] translator failed: 'Translator' object has no attribute 'raise_Exception'. Falling back to HTTP API.
  [WARN] translator failed: 'Translator' object has no attribute 'raise_Exception'. Falling back to HTTP API.
